# JRE version: OpenJDK Runtime Environment Microsoft-8035246 (17.0.8+7) (build 17.0.8+7-LTS)
# Java VM: OpenJDK 64-Bit Server VM Microsoft-8035246 (17.0.8+7-LTS, mixed mode, sharing, tiered, compressed oops, compressed class ptrs, g1 gc, windows-amd64)
GC Precious Log:
 CPUs: 16 total, 16 available
 Memory: 7599M
 Large Page Support: Disabled
 NUMA Support: Disabled
 Compressed Oops: Enabled (32-bit)
 Heap Region Size: 1M
 Heap Min Capacity: 8M
 Heap Initial Capacity: 120M
 Heap Max Capacity: 2G
 Pre-touch: Disabled
 Parallel Workers: 13
 Concurrent Workers: 3
 Concurrent Refinement Workers: 13
 Periodic GC: Disabled
Heap:
 garbage-first heap   total 268288K, used 196036K [0x0000000080000000, 0x0000000100000000)
  region size 1024K, 16 young (16384K), 3 survivors (3072K)
 Metaspace       used 109393K, committed 110720K, reserved 557056K
  class space    used 15114K, committed 15744K, reserved 425984K
GC Heap History (20 events):
Event: 47.514 GC heap before
{Heap before GC invocations=54 (full 0):
 garbage-first heap   total 247808K, used 156804K [0x0000000080000000, 0x0000000100000000)
  region size 1024K, 12 young (12288K), 5 survivors (5120K)
 Metaspace       used 95231K, committed 96256K, reserved 557056K
  class space    used 13268K, committed 13760K, reserved 425984K
}
Event: 47.520 GC heap after
{Heap after GC invocations=55 (full 0):
 garbage-first heap   total 247808K, used 150665K [0x0000000080000000, 0x0000000100000000)
  region size 1024K, 2 young (2048K), 2 survivors (2048K)
 Metaspace       used 95231K, committed 96256K, reserved 557056K
  class space    used 13268K, committed 13760K, reserved 425984K
}
Event: 48.584 GC heap before
{Heap before GC invocations=55 (full 0):
 garbage-first heap   total 247808K, used 195721K [0x0000000080000000, 0x0000000100000000)
  region size 1024K, 46 young (47104K), 2 survivors (2048K)
 Metaspace       used 97543K, committed 98624K, reserved 557056K
  class space    used 13530K, committed 14016K, reserved 425984K
}
Event: 48.590 GC heap after
{Heap after GC invocations=56 (full 0):
 garbage-first heap   total 247808K, used 154151K [0x0000000080000000, 0x0000000100000000)
  region size 1024K, 5 young (5120K), 5 survivors (5120K)
 Metaspace       used 97543K, committed 98624K, reserved 557056K
  class space    used 13530K, committed 14016K, reserved 425984K
}
Event: 49.191 GC heap before
{Heap before GC invocations=57 (full 0):
 garbage-first heap   total 268288K, used 198183K [0x0000000080000000, 0x0000000100000000)
  region size 1024K, 48 young (49152K), 5 survivors (5120K)
 Metaspace       used 100996K, committed 102144K, reserved 557056K
  class space    used 14054K, committed 14592K, reserved 425984K
}
Event: 49.198 GC heap after
{Heap after GC invocations=58 (full 0):
 garbage-first heap   total 268288K, used 156623K [0x0000000080000000, 0x0000000100000000)
  region size 1024K, 3 young (3072K), 3 survivors (3072K)
 Metaspace       used 100996K, committed 102144K, reserved 557056K
  class space    used 14054K, committed 14592K, reserved 425984K
}
Event: 49.329 GC heap before
{Heap before GC invocations=58 (full 0):
 garbage-first heap   total 268288K, used 165839K [0x0000000080000000, 0x0000000100000000)
  region size 1024K, 13 young (13312K), 3 survivors (3072K)
 Metaspace       used 101850K, committed 102976K, reserved 557056K
  class space    used 14166K, committed 14720K, reserved 425984K
}
Event: 49.334 GC heap after
{Heap after GC invocations=59 (full 0):
 garbage-first heap   total 268288K, used 156057K [0x0000000080000000, 0x0000000100000000)
  region size 1024K, 1 young (1024K), 1 survivors (1024K)
 Metaspace       used 101850K, committed 102976K, reserved 557056K
  class space    used 14166K, committed 14720K, reserved 425984K
}
Event: 50.341 GC heap before
{Heap before GC invocations=59 (full 0):
 garbage-first heap   total 268288K, used 213401K [0x0000000080000000, 0x0000000100000000)
  region size 1024K, 57 young (58368K), 1 survivors (1024K)
 Metaspace       used 104060K, committed 105216K, reserved 557056K
  class space    used 14432K, committed 14976K, reserved 425984K
}
Event: 50.350 GC heap after
{Heap after GC invocations=60 (full 0):
 garbage-first heap   total 268288K, used 162320K [0x0000000080000000, 0x0000000100000000)
  region size 1024K, 7 young (7168K), 7 survivors (7168K)
 Metaspace       used 104060K, committed 105216K, reserved 557056K
  class space    used 14432K, committed 14976K, reserved 425984K
}
Event: 51.058 GC heap before
{Heap before GC invocations=60 (full 0):
 garbage-first heap   total 268288K, used 217616K [0x0000000080000000, 0x0000000100000000)
  region size 1024K, 61 young (62464K), 7 survivors (7168K)
 Metaspace       used 104651K, committed 105792K, reserved 557056K
  class space    used 14468K, committed 15040K, reserved 425984K
}
Event: 51.068 GC heap after
{Heap after GC invocations=61 (full 0):
 garbage-first heap   total 268288K, used 168125K [0x0000000080000000, 0x0000000100000000)
  region size 1024K, 6 young (6144K), 6 survivors (6144K)
 Metaspace       used 104651K, committed 105792K, reserved 557056K
  class space    used 14468K, committed 15040K, reserved 425984K
}
Event: 51.569 GC heap before
{Heap before GC invocations=61 (full 0):
 garbage-first heap   total 268288K, used 219325K [0x0000000080000000, 0x0000000100000000)
  region size 1024K, 57 young (58368K), 6 survivors (6144K)
 Metaspace       used 106090K, committed 107264K, reserved 557056K
  class space    used 14765K, committed 15360K, reserved 425984K
}
Event: 51.579 GC heap after
{Heap after GC invocations=62 (full 0):
 garbage-first heap   total 268288K, used 173858K [0x0000000080000000, 0x0000000100000000)
  region size 1024K, 6 young (6144K), 6 survivors (6144K)
 Metaspace       used 106090K, committed 107264K, reserved 557056K
  class space    used 14765K, committed 15360K, reserved 425984K
}
Event: 52.244 GC heap before
{Heap before GC invocations=62 (full 0):
 garbage-first heap   total 268288K, used 227106K [0x0000000080000000, 0x0000000100000000)
  region size 1024K, 54 young (55296K), 6 survivors (6144K)
 Metaspace       used 107555K, committed 108800K, reserved 557056K
  class space    used 14892K, committed 15488K, reserved 425984K
}
Event: 52.251 GC heap after
{Heap after GC invocations=63 (full 0):
 garbage-first heap   total 268288K, used 175649K [0x0000000080000000, 0x0000000100000000)
  region size 1024K, 3 young (3072K), 3 survivors (3072K)
 Metaspace       used 107555K, committed 108800K, reserved 557056K
  class space    used 14892K, committed 15488K, reserved 425984K
}
Event: 52.904 GC heap before
{Heap before GC invocations=63 (full 0):
 garbage-first heap   total 268288K, used 223777K [0x0000000080000000, 0x0000000100000000)
  region size 1024K, 51 young (52224K), 3 survivors (3072K)
 Metaspace       used 109381K, committed 110656K, reserved 557056K
  class space    used 15114K, committed 15744K, reserved 425984K
}
Event: 52.915 GC heap after
{Heap after GC invocations=64 (full 0):
 garbage-first heap   total 268288K, used 180912K [0x0000000080000000, 0x0000000100000000)
  region size 1024K, 7 young (7168K), 7 survivors (7168K)
 Metaspace       used 109381K, committed 110656K, reserved 557056K
  class space    used 15114K, committed 15744K, reserved 425984K
}
Event: 53.496 GC heap before
{Heap before GC invocations=64 (full 0):
 garbage-first heap   total 268288K, used 224944K [0x0000000080000000, 0x0000000100000000)
  region size 1024K, 51 young (52224K), 7 survivors (7168K)
 Metaspace       used 109383K, committed 110656K, reserved 557056K
  class space    used 15114K, committed 15744K, reserved 425984K
}
Event: 53.504 GC heap after
{Heap after GC invocations=65 (full 0):
 garbage-first heap   total 268288K, used 183748K [0x0000000080000000, 0x0000000100000000)
  region size 1024K, 3 young (3072K), 3 survivors (3072K)
 Metaspace       used 109383K, committed 110656K, reserved 557056K
  class space    used 15114K, committed 15744K, reserved 425984K
}

